<?xml version="1.0" encoding="UTF-8"?>
<testsuite name="commons.JsonUtilTest" tests="4" skipped="0" failures="0" errors="0" timestamp="2023-09-03T14:22:02" hostname="C12390" time="0.049">
  <properties/>
  <testcase name="readWriteDatabaseTest()" classname="commons.JsonUtilTest" time="0.013"/>
  <testcase name="writeDatabaseWrongFilePath()" classname="commons.JsonUtilTest" time="0.015"/>
  <testcase name="readDatabaseWrongFilePath()" classname="commons.JsonUtilTest" time="0.008"/>
  <testcase name="readJsonRequestWrongFileName()" classname="commons.JsonUtilTest" time="0.005"/>
  <system-out><![CDATA[]]></system-out>
  <system-err><![CDATA[]]></system-err>
</testsuite>
