<?xml version="1.0" encoding="UTF-8"?>
<testsuite name="server.repository.RepositoryTest" tests="8" skipped="0" failures="0" errors="0" timestamp="2023-09-03T14:22:02" hostname="C12390" time="0.064">
  <properties/>
  <testcase name="getEntryFromDatabaseTest()" classname="server.repository.RepositoryTest" time="0.003"/>
  <testcase name="createNewEntryInDatabaseTest()" classname="server.repository.RepositoryTest" time="0.007"/>
  <testcase name="deleteWithWrongKeyNestedObjectFromDatabase()" classname="server.repository.RepositoryTest" time="0.006"/>
  <testcase name="createNewNestedStructureTest()" classname="server.repository.RepositoryTest" time="0.005"/>
  <testcase name="updateNestedStructureTest()" classname="server.repository.RepositoryTest" time="0.008"/>
  <testcase name="getNestedObjectFromDatabase()" classname="server.repository.RepositoryTest" time="0.005"/>
  <testcase name="deleteNestedObjectFromDatabase()" classname="server.repository.RepositoryTest" time="0.011"/>
  <testcase name="objectNotFoundTest()" classname="server.repository.RepositoryTest" time="0.003"/>
  <system-out><![CDATA[]]></system-out>
  <system-err><![CDATA[]]></system-err>
</testsuite>
