<?xml version="1.0" encoding="UTF-8"?>
<testsuite name="ClientServerTest" tests="1" skipped="0" failures="0" errors="0" timestamp="2023-09-03T14:22:00" hostname="C12390" time="1.363">
  <properties/>
  <testcase name="clientServerConnectionTest()" classname="ClientServerTest" time="1.363"/>
  <system-out><![CDATA[Server is running
Client started!
started communication with the new client
Client started!
Client started!
started communication with the new client
started communication with the new client
Client started!
Sent: {"type":"get","key":["person","name"]}
Sent: {"type":"get","key":["person","name"]}
Sent: {"type":"set","key":"person","value":{"name":"Elon Musk","car":{"model":"Tesla Roadster","year":"2018"},"rocket":{"name":"Falcon 9","launches":"87"}}}
Received: {"response":"ERROR","reason":"No such key"}
Received: {"response":"ERROR","reason":"No such key"}
Received: {"response":"OK"}
started communication with the new client
Client started!
Sent: {"type":"exit"}
Received: {"response":"OK"}
Server is stopping....
Server is not running
]]></system-out>
  <system-err><![CDATA[]]></system-err>
</testsuite>
